<?xml version="1.0" encoding="UTF-8" ?>
<!DOCTYPE mapper
  PUBLIC "-//mybatis.org//DTD Mapper 3.0//EN"
  "http://mybatis.org/dtd/mybatis-3-mapper.dtd">
  
<mapper namespace="test">
	<insert id="a">
		INSERT INTO TEST_TB
		VALUES('AAA')
	</insert>
	
	<insert id="b">
		INSERT INTO TEST_TB
		VALUES('BBB')
	</insert>
</mapper>